<?xml version="1.0" encoding="UTF-8"?>
<testng-results ignored="0" total="3" passed="3" failed="0" skipped="0">
  <reporter-output>
  </reporter-output>
  <suite started-at="2023-03-29T10:39:06 IST" name="All Test Suite" finished-at="2023-03-29T10:39:18 IST" duration-ms="12027">
    <groups>
    </groups>
    <test started-at="2023-03-29T10:39:06 IST" name="/Users/tenzinwangmo/IdeaProjects/MavenFirstProject" finished-at="2023-03-29T10:39:18 IST" duration-ms="12027">
      <class name="org.example.GoogleSearchtest">
        <test-method signature="googleTest()[pri:0, instance:org.example.GoogleSearchtest@4387b79e]" started-at="2023-03-29T10:39:06 IST" name="googleTest" finished-at="2023-03-29T10:39:18 IST" duration-ms="11986" status="PASS">
          <reporter-output>
          </reporter-output>
        </test-method> <!-- googleTest -->
      </class> <!-- org.example.GoogleSearchtest -->
      <class name="org.example.AppTest">
        <test-method signature="testcase1_login()[pri:0, instance:org.example.AppTest@a4102b8]" started-at="2023-03-29T10:39:06 IST" name="testcase1_login" finished-at="2023-03-29T10:39:06 IST" duration-ms="9" status="PASS">
          <reporter-output>
          </reporter-output>
        </test-method> <!-- testcase1_login -->
        <test-method signature="testcase2_login()[pri:0, instance:org.example.AppTest@a4102b8]" started-at="2023-03-29T10:39:06 IST" name="testcase2_login" finished-at="2023-03-29T10:39:06 IST" duration-ms="0" status="PASS">
          <reporter-output>
          </reporter-output>
        </test-method> <!-- testcase2_login -->
      </class> <!-- org.example.AppTest -->
    </test> <!-- /Users/tenzinwangmo/IdeaProjects/MavenFirstProject -->
  </suite> <!-- All Test Suite -->
</testng-results>
