<?xml version="1.0" encoding="UTF-8"?>
<!-- Generated by org.testng.reporters.JUnitXMLReporter -->
<testsuite ignored="0" hostname="Tenzins-MacBook-Pro-2.local" failures="0" tests="3" name="/Users/tenzinwangmo/IdeaProjects/MavenFirstProject" time="12.027" errors="0" timestamp="2023-03-29T10:39:18 IST">
  <testcase classname="org.example.AppTest" name="testcase1_login" time="0.009"/>
  <testcase classname="org.example.AppTest" name="testcase2_login" time="0.0"/>
  <testcase classname="org.example.GoogleSearchtest" name="googleTest" time="11.986"/>
</testsuite> <!-- /Users/tenzinwangmo/IdeaProjects/MavenFirstProject -->
